<?xml version="1.0" encoding="UTF-8"?>
<testsuite name="com.example.project.CalculatorTests" tests="5" skipped="4" failures="3" errors="2" timestamp="2025-01-22T16:11:08" hostname="ubuntu" time="0.129">
  <properties/>
  <testcase name="1 + 1 = 2" classname="com.example.project.CalculatorTests" time="0.024"/>
  <testcase name="0 + 1 = 1" classname="com.example.project.CalculatorTests" time="0.023"/>
  <testcase name="1 + 2 = 3" classname="com.example.project.CalculatorTests" time="0.001"/>
  <testcase name="49 + 51 = 100" classname="com.example.project.CalculatorTests" time="0.001"/>
  <testcase name="1 + 100 = 101" classname="com.example.project.CalculatorTests" time="0.001"/>
  <system-out><![CDATA[]]></system-out>
  <system-err><![CDATA[]]></system-err>
</testsuite>
