<?xml version="1.0" encoding="utf-8"?>
<TestRun id="51a35291-b762-4849-a600-10b78080b0ff" name="@ubuntu 2025-01-22 23:11:33" xmlns="http://microsoft.com/schemas/VisualStudio/TeamTest/2010">
  <Times creation="2025-01-22T23:11:33.4772900+05:30" queuing="2025-01-22T23:11:33.4772900+05:30" start="2025-01-22T23:11:32.8645609+05:30" finish="2025-01-22T23:11:33.4846589+05:30" />
  <TestSettings name="default" id="748dae71-7cfc-49cd-80b9-b104632d4c8f">
    <Deployment runDeploymentRoot="_ubuntu_2025-01-22_23_11_33" />
  </TestSettings>
  <Results>
    <UnitTestResult executionId="17c38120-c7a8-45fa-9110-ad9e9ea75896" testId="e6eca471-3ca4-dda3-b7a4-d03e8b52a6b8" testName="FailingTest2" computerName="ubuntu" duration="00:00:00.0004080" startTime="2025-01-22T23:11:33.3507669+05:30" endTime="2025-01-22T23:11:33.3511748+05:30" testType="13cdc9d9-ddb5-4fa4-a97d-d965ccfc6d4b" outcome="Failed" testListId="8c84fa94-04c1-424b-9868-57a2d4851a1d" relativeResultsDirectory="17c38120-c7a8-45fa-9110-ad9e9ea75896">
      <Output>
        <ErrorInfo>
          <Message>This test is designed to fail.</Message>
          <StackTrace>   at NUnitProject.Tests.Suite2.Suite2Tests.FailingTest2() in /opt/hns/test-resources/test-result-aggregator/nunit/NUnitProject/src/Tests/Suite2/Suite2Tests.cs:line 23
</StackTrace>
        </ErrorInfo>
      </Output>
    </UnitTestResult>
    <UnitTestResult executionId="6c7439c3-fb1f-4fd1-9cdd-50fc410feced" testId="a79f1d60-9a1e-8851-efb9-9f714fcbd155" testName="FailingTest1" computerName="ubuntu" duration="00:00:00.0210360" startTime="2025-01-22T23:11:33.3197120+05:30" endTime="2025-01-22T23:11:33.3406827+05:30" testType="13cdc9d9-ddb5-4fa4-a97d-d965ccfc6d4b" outcome="Failed" testListId="8c84fa94-04c1-424b-9868-57a2d4851a1d" relativeResultsDirectory="6c7439c3-fb1f-4fd1-9cdd-50fc410feced">
      <Output>
        <ErrorInfo>
          <Message>This test is designed to fail.</Message>
          <StackTrace>   at NUnitProject.Tests.Suite1.Suite1Tests.FailingTest1() in /opt/hns/test-resources/test-result-aggregator/nunit/NUnitProject/src/Tests/Suite1/Suite1Tests.cs:line 23
</StackTrace>
        </ErrorInfo>
      </Output>
    </UnitTestResult>
    <UnitTestResult executionId="1865bbf5-e90e-468d-8d7d-1ad4fa57a582" testId="b6c6d675-4393-62ba-48de-16fd49c4157f" testName="PassingTest2" computerName="ubuntu" duration="00:00:00.0003350" startTime="2025-01-22T23:11:33.3482669+05:30" endTime="2025-01-22T23:11:33.3486015+05:30" testType="13cdc9d9-ddb5-4fa4-a97d-d965ccfc6d4b" outcome="Passed" testListId="8c84fa94-04c1-424b-9868-57a2d4851a1d" relativeResultsDirectory="1865bbf5-e90e-468d-8d7d-1ad4fa57a582" />
    <UnitTestResult executionId="11e0e534-0019-469b-961e-d26612f7ba26" testId="28f8172f-387a-7113-8c15-d2933d8faf69" testName="IgnoredTest1" computerName="ubuntu" duration="00:00:00.0003470" startTime="2025-01-22T23:11:33.3419916+05:30" endTime="2025-01-22T23:11:33.3423388+05:30" testType="13cdc9d9-ddb5-4fa4-a97d-d965ccfc6d4b" outcome="NotExecuted" testListId="8c84fa94-04c1-424b-9868-57a2d4851a1d" relativeResultsDirectory="11e0e534-0019-469b-961e-d26612f7ba26">
      <Output>
        <StdOut>This test is intentionally ignored.</StdOut>
        <ErrorInfo>
          <Message>This test is intentionally ignored.</Message>
        </ErrorInfo>
      </Output>
    </UnitTestResult>
    <UnitTestResult executionId="8df15de6-2edf-477f-b331-1c4847b4abf1" testId="bff2acbb-903b-c6b3-2256-686870e81955" testName="Test1" computerName="ubuntu" duration="00:00:00.0015160" startTime="2025-01-22T23:11:33.3526246+05:30" endTime="2025-01-22T23:11:33.3541402+05:30" testType="13cdc9d9-ddb5-4fa4-a97d-d965ccfc6d4b" outcome="Passed" testListId="8c84fa94-04c1-424b-9868-57a2d4851a1d" relativeResultsDirectory="8df15de6-2edf-477f-b331-1c4847b4abf1" />
    <UnitTestResult executionId="df7ac72c-1c91-4934-9c08-47df56f11ef9" testId="f966495a-354d-ad8f-7e74-997424bc80fd" testName="DependentTest" computerName="ubuntu" duration="00:00:00.0003400" startTime="2025-01-22T23:11:33.3504159+05:30" endTime="2025-01-22T23:11:33.3507555+05:30" testType="13cdc9d9-ddb5-4fa4-a97d-d965ccfc6d4b" outcome="Passed" testListId="8c84fa94-04c1-424b-9868-57a2d4851a1d" relativeResultsDirectory="df7ac72c-1c91-4934-9c08-47df56f11ef9" />
    <UnitTestResult executionId="7df106f5-b00e-4afc-897f-28df4a8ead54" testId="4ed6faf8-98f2-ee94-5066-ee13ff43e000" testName="PassingTest4" computerName="ubuntu" duration="00:00:00.0011990" startTime="2025-01-22T23:11:33.3512965+05:30" endTime="2025-01-22T23:11:33.3524955+05:30" testType="13cdc9d9-ddb5-4fa4-a97d-d965ccfc6d4b" outcome="Passed" testListId="8c84fa94-04c1-424b-9868-57a2d4851a1d" relativeResultsDirectory="7df106f5-b00e-4afc-897f-28df4a8ead54" />
    <UnitTestResult executionId="ffccce12-282a-4f37-a158-05e26fe8efaa" testId="106bf574-e6ec-d58a-721a-42904a47f84e" testName="PassingTest3" computerName="ubuntu" duration="00:00:00.0000920" startTime="2025-01-22T23:11:33.3511953+05:30" endTime="2025-01-22T23:11:33.3512874+05:30" testType="13cdc9d9-ddb5-4fa4-a97d-d965ccfc6d4b" outcome="Passed" testListId="8c84fa94-04c1-424b-9868-57a2d4851a1d" relativeResultsDirectory="ffccce12-282a-4f37-a158-05e26fe8efaa" />
    <UnitTestResult executionId="6a52c44b-909f-4ecf-a426-3054b9916d63" testId="cee51ad1-deeb-953d-86cf-19dd7e4f6375" testName="PassingTest1" computerName="ubuntu" duration="00:00:00.0058890" startTime="2025-01-22T23:11:33.3423579+05:30" endTime="2025-01-22T23:11:33.3482465+05:30" testType="13cdc9d9-ddb5-4fa4-a97d-d965ccfc6d4b" outcome="Passed" testListId="8c84fa94-04c1-424b-9868-57a2d4851a1d" relativeResultsDirectory="6a52c44b-909f-4ecf-a426-3054b9916d63" />
  </Results>
  <TestDefinitions>
    <UnitTest name="IgnoredTest1" storage="/opt/hns/test-resources/test-result-aggregator/nunit/nunitproject/src/tests/bin/debug/net8.0/nunittests.dll" id="28f8172f-387a-7113-8c15-d2933d8faf69">
      <Execution id="11e0e534-0019-469b-961e-d26612f7ba26" />
      <TestMethod codeBase="/opt/hns/test-resources/test-result-aggregator/nunit/NUnitProject/src/Tests/bin/Debug/net8.0/NUnitTests.dll" adapterTypeName="executor://nunit3testexecutor/" className="NUnitProject.Tests.Suite1.Suite1Tests" name="IgnoredTest1" />
    </UnitTest>
    <UnitTest name="Test1" storage="/opt/hns/test-resources/test-result-aggregator/nunit/nunitproject/src/tests/bin/debug/net8.0/nunittests.dll" id="bff2acbb-903b-c6b3-2256-686870e81955">
      <Execution id="8df15de6-2edf-477f-b331-1c4847b4abf1" />
      <TestMethod codeBase="/opt/hns/test-resources/test-result-aggregator/nunit/NUnitProject/src/Tests/bin/Debug/net8.0/NUnitTests.dll" adapterTypeName="executor://nunit3testexecutor/" className="NUnitTests.Tests" name="Test1" />
    </UnitTest>
    <UnitTest name="FailingTest1" storage="/opt/hns/test-resources/test-result-aggregator/nunit/nunitproject/src/tests/bin/debug/net8.0/nunittests.dll" id="a79f1d60-9a1e-8851-efb9-9f714fcbd155">
      <Execution id="6c7439c3-fb1f-4fd1-9cdd-50fc410feced" />
      <TestMethod codeBase="/opt/hns/test-resources/test-result-aggregator/nunit/NUnitProject/src/Tests/bin/Debug/net8.0/NUnitTests.dll" adapterTypeName="executor://nunit3testexecutor/" className="NUnitProject.Tests.Suite1.Suite1Tests" name="FailingTest1" />
    </UnitTest>
    <UnitTest name="FailingTest2" storage="/opt/hns/test-resources/test-result-aggregator/nunit/nunitproject/src/tests/bin/debug/net8.0/nunittests.dll" id="e6eca471-3ca4-dda3-b7a4-d03e8b52a6b8">
      <Execution id="17c38120-c7a8-45fa-9110-ad9e9ea75896" />
      <TestMethod codeBase="/opt/hns/test-resources/test-result-aggregator/nunit/NUnitProject/src/Tests/bin/Debug/net8.0/NUnitTests.dll" adapterTypeName="executor://nunit3testexecutor/" className="NUnitProject.Tests.Suite2.Suite2Tests" name="FailingTest2" />
    </UnitTest>
    <UnitTest name="PassingTest3" storage="/opt/hns/test-resources/test-result-aggregator/nunit/nunitproject/src/tests/bin/debug/net8.0/nunittests.dll" id="106bf574-e6ec-d58a-721a-42904a47f84e">
      <Execution id="ffccce12-282a-4f37-a158-05e26fe8efaa" />
      <TestMethod codeBase="/opt/hns/test-resources/test-result-aggregator/nunit/NUnitProject/src/Tests/bin/Debug/net8.0/NUnitTests.dll" adapterTypeName="executor://nunit3testexecutor/" className="NUnitProject.Tests.Suite2.Suite2Tests" name="PassingTest3" />
    </UnitTest>
    <UnitTest name="PassingTest4" storage="/opt/hns/test-resources/test-result-aggregator/nunit/nunitproject/src/tests/bin/debug/net8.0/nunittests.dll" id="4ed6faf8-98f2-ee94-5066-ee13ff43e000">
      <Execution id="7df106f5-b00e-4afc-897f-28df4a8ead54" />
      <TestMethod codeBase="/opt/hns/test-resources/test-result-aggregator/nunit/NUnitProject/src/Tests/bin/Debug/net8.0/NUnitTests.dll" adapterTypeName="executor://nunit3testexecutor/" className="NUnitProject.Tests.Suite2.Suite2Tests" name="PassingTest4" />
    </UnitTest>
    <UnitTest name="DependentTest" storage="/opt/hns/test-resources/test-result-aggregator/nunit/nunitproject/src/tests/bin/debug/net8.0/nunittests.dll" id="f966495a-354d-ad8f-7e74-997424bc80fd">
      <Execution id="df7ac72c-1c91-4934-9c08-47df56f11ef9" />
      <TestMethod codeBase="/opt/hns/test-resources/test-result-aggregator/nunit/NUnitProject/src/Tests/bin/Debug/net8.0/NUnitTests.dll" adapterTypeName="executor://nunit3testexecutor/" className="NUnitProject.Tests.Suite2.Suite2Tests" name="DependentTest" />
    </UnitTest>
    <UnitTest name="PassingTest2" storage="/opt/hns/test-resources/test-result-aggregator/nunit/nunitproject/src/tests/bin/debug/net8.0/nunittests.dll" id="b6c6d675-4393-62ba-48de-16fd49c4157f">
      <Execution id="1865bbf5-e90e-468d-8d7d-1ad4fa57a582" />
      <TestMethod codeBase="/opt/hns/test-resources/test-result-aggregator/nunit/NUnitProject/src/Tests/bin/Debug/net8.0/NUnitTests.dll" adapterTypeName="executor://nunit3testexecutor/" className="NUnitProject.Tests.Suite1.Suite1Tests" name="PassingTest2" />
    </UnitTest>
    <UnitTest name="PassingTest1" storage="/opt/hns/test-resources/test-result-aggregator/nunit/nunitproject/src/tests/bin/debug/net8.0/nunittests.dll" id="cee51ad1-deeb-953d-86cf-19dd7e4f6375">
      <Execution id="6a52c44b-909f-4ecf-a426-3054b9916d63" />
      <TestMethod codeBase="/opt/hns/test-resources/test-result-aggregator/nunit/NUnitProject/src/Tests/bin/Debug/net8.0/NUnitTests.dll" adapterTypeName="executor://nunit3testexecutor/" className="NUnitProject.Tests.Suite1.Suite1Tests" name="PassingTest1" />
    </UnitTest>
  </TestDefinitions>
  <TestEntries>
    <TestEntry testId="e6eca471-3ca4-dda3-b7a4-d03e8b52a6b8" executionId="17c38120-c7a8-45fa-9110-ad9e9ea75896" testListId="8c84fa94-04c1-424b-9868-57a2d4851a1d" />
    <TestEntry testId="a79f1d60-9a1e-8851-efb9-9f714fcbd155" executionId="6c7439c3-fb1f-4fd1-9cdd-50fc410feced" testListId="8c84fa94-04c1-424b-9868-57a2d4851a1d" />
    <TestEntry testId="b6c6d675-4393-62ba-48de-16fd49c4157f" executionId="1865bbf5-e90e-468d-8d7d-1ad4fa57a582" testListId="8c84fa94-04c1-424b-9868-57a2d4851a1d" />
    <TestEntry testId="28f8172f-387a-7113-8c15-d2933d8faf69" executionId="11e0e534-0019-469b-961e-d26612f7ba26" testListId="8c84fa94-04c1-424b-9868-57a2d4851a1d" />
    <TestEntry testId="bff2acbb-903b-c6b3-2256-686870e81955" executionId="8df15de6-2edf-477f-b331-1c4847b4abf1" testListId="8c84fa94-04c1-424b-9868-57a2d4851a1d" />
    <TestEntry testId="f966495a-354d-ad8f-7e74-997424bc80fd" executionId="df7ac72c-1c91-4934-9c08-47df56f11ef9" testListId="8c84fa94-04c1-424b-9868-57a2d4851a1d" />
    <TestEntry testId="4ed6faf8-98f2-ee94-5066-ee13ff43e000" executionId="7df106f5-b00e-4afc-897f-28df4a8ead54" testListId="8c84fa94-04c1-424b-9868-57a2d4851a1d" />
    <TestEntry testId="106bf574-e6ec-d58a-721a-42904a47f84e" executionId="ffccce12-282a-4f37-a158-05e26fe8efaa" testListId="8c84fa94-04c1-424b-9868-57a2d4851a1d" />
    <TestEntry testId="cee51ad1-deeb-953d-86cf-19dd7e4f6375" executionId="6a52c44b-909f-4ecf-a426-3054b9916d63" testListId="8c84fa94-04c1-424b-9868-57a2d4851a1d" />
  </TestEntries>
  <TestLists>
    <TestList name="Results Not in a List" id="8c84fa94-04c1-424b-9868-57a2d4851a1d" />
    <TestList name="All Loaded Results" id="19431567-8539-422a-85d7-44ee4e166bda" />
  </TestLists>
  <ResultSummary outcome="Failed">
    <Counters total="9" executed="8" passed="6" failed="2" error="0" timeout="0" aborted="0" inconclusive="0" passedButRunAborted="0" notRunnable="0" notExecuted="0" disconnected="0" warning="0" completed="0" inProgress="0" pending="0" />
    <Output>
      <StdOut>NUnit Adapter 4.2.0.0: Test execution started
Running all tests in /opt/hns/test-resources/test-result-aggregator/nunit/NUnitProject/src/Tests/bin/Debug/net8.0/NUnitTests.dll
   NUnit3TestExecutor discovered 9 of 9 NUnit test cases using Current Discovery mode, Non-Explicit run
IgnoredTest1: This test is intentionally ignored.
NUnit Adapter 4.2.0.0: Test execution complete
Test 'IgnoredTest1' was skipped in the test run.
</StdOut>
    </Output>
  </ResultSummary>
</TestRun>